[?][LOG SYSTEM] => Created a log file successfully!
[?][Compiler Manager] => Starting the preprocessor.
[?][Preprocessor][1, 1] => New processing loop started.
[?][Preprocessor][2, 1] => New processing loop started.
[?][Preprocessor][3, 1] => New processing loop started.
[?][Preprocessor][4, 1] => New processing loop started.
[?][Preprocessor][5, 1] => New processing loop started.
[?][Preprocessor][6, 1] => New processing loop started.
[?][Preprocessor][7, 1] => New processing loop started.
[?][Preprocessor][8, 1] => New processing loop started.
[?][Preprocessor][9, 1] => New processing loop started.
[?][Preprocessor][10, 1] => New processing loop started.
[?][Preprocessor][11, 1] => New processing loop started.
[?][Preprocessor][12, 1] => New processing loop started.
[?][Preprocessor][13, 1] => New processing loop started.
[?][Preprocessor][14, 1] => New processing loop started.
[?][Preprocessor][15, 1] => New processing loop started.
[?][Preprocessor][16, 1] => New processing loop started.
[?][Preprocessor][17, 1] => New processing loop started.
[?][Preprocessor][18, 1] => New processing loop started.
[?][Preprocessor][19, 1] => New processing loop started.
[?][Preprocessor][20, 1] => New processing loop started.
[?][Preprocessor][21, 1] => New processing loop started.
[?][Preprocessor][22, 1] => New processing loop started.
[?][Preprocessor][23, 1] => New processing loop started.
[?][Preprocessor][24, 1] => New processing loop started.
[?][Compiler Manager] => Closed all files sessions.
[?][Compiler Manager] => Task finished successfully! (Ending process)
